<?xml version="1.0" encoding="UTF-8"?>
<testng-results ignored="0" total="2" passed="2" failed="0" skipped="0">
  <reporter-output>
  </reporter-output>
  <suite started-at="2024-10-03T23:19:16 BDT" name="Default suite" finished-at="2024-10-03T23:19:24 BDT" duration-ms="8296">
    <groups>
    </groups>
    <test started-at="2024-10-03T23:19:16 BDT" name="Default test" finished-at="2024-10-03T23:19:24 BDT" duration-ms="8296">
      <class name="org.nadim.jsonpayloadconverting.P8ShareDataOneAPIToAPI">
        <test-method signature="createBooking()[pri:1, instance:org.nadim.jsonpayloadconverting.P8ShareDataOneAPIToAPI@7bab3f1a]" started-at="2024-10-03T23:19:16 BDT" name="createBooking" finished-at="2024-10-03T23:19:23 BDT" duration-ms="6653" status="PASS">
          <reporter-output>
          </reporter-output>
        </test-method> <!-- createBooking -->
        <test-method signature="retrieveBookingData()[pri:0, instance:org.nadim.jsonpayloadconverting.P8ShareDataOneAPIToAPI@7bab3f1a]" started-at="2024-10-03T23:19:23 BDT" name="retrieveBookingData" finished-at="2024-10-03T23:19:24 BDT" depends-on-methods="org.nadim.jsonpayloadconverting.P8ShareDataOneAPIToAPI.createBooking" duration-ms="1512" status="PASS">
          <reporter-output>
          </reporter-output>
        </test-method> <!-- retrieveBookingData -->
      </class> <!-- org.nadim.jsonpayloadconverting.P8ShareDataOneAPIToAPI -->
    </test> <!-- Default test -->
  </suite> <!-- Default suite -->
</testng-results>
