<?xml version="1.0" encoding="UTF-8"?>
<!-- Generated by org.testng.reporters.JUnitXMLReporter -->
<testsuite ignored="0" hostname="DESKTOP-SNILOAU" failures="0" tests="2" name="Default test" time="8.296" errors="0" timestamp="2024-10-03T23:19:24 BDT">
  <testcase classname="org.nadim.jsonpayloadconverting.P8ShareDataOneAPIToAPI" name="createBooking" time="6.653"/>
  <testcase classname="org.nadim.jsonpayloadconverting.P8ShareDataOneAPIToAPI" name="retrieveBookingData" time="1.512"/>
</testsuite> <!-- Default test -->
