<?xml version="1.0" encoding="UTF-8"?>
<!-- Generated by org.testng.reporters.JUnitXMLReporter -->
<testsuite ignored="0" hostname="DESKTOP-SNILOAU" failures="0" tests="2" name="Default test" time="8.071" errors="0" timestamp="2024-09-19T12:54:36 BDT">
  <testcase classname="org.nadim.restful.bookingapp.P10_AvoidCodeDuplicationUsingResSpecification" name="booking1" time="5.578"/>
  <testcase classname="org.nadim.restful.bookingapp.P10_AvoidCodeDuplicationUsingResSpecification" name="booking2" time="1.591"/>
</testsuite> <!-- Default test -->
